<?xml version="1.0" encoding="UTF-8"?>
<!-- Generated by org.testng.reporters.JUnitXMLReporter -->
<testsuite ignored="0" hostname="Suneel-pc" failures="0" tests="10" name="Surefire test" time="25.082" errors="0" timestamp="2024-04-16T12:26:55 IST">
  <testcase classname="api.test.DDTests" name="testPostuser" time="5.864"/>
  <testcase classname="api.test.DDTests" name="testPostuser" time="1.362"/>
  <testcase classname="api.test.DDTests" name="testPostuser" time="1.323"/>
  <testcase classname="api.test.DDTests" name="testDeleteUserByName" time="1.375"/>
  <testcase classname="api.test.DDTests" name="testDeleteUserByName" time="1.359"/>
  <testcase classname="api.test.DDTests" name="testDeleteUserByName" time="1.339"/>
  <testcase classname="api.test.UserTests" name="testPostUser" time="1.384"/>
  <testcase classname="api.test.UserTests" name="testGetUserByName" time="1.324"/>
  <testcase classname="api.test.UserTests" name="testUpdateUserByName" time="2.65"/>
  <testcase classname="api.test.UserTests" name="testDeleteUserByName" time="1.337"/>
</testsuite> <!-- Surefire test -->
