<?xml version="1.0" encoding="UTF-8"?>
<!-- Generated by org.testng.reporters.JUnitXMLReporter -->
<testsuite ignored="0" hostname="Suneel-pc" failures="0" tests="6" name="Default test" time="17.552" errors="0" timestamp="2024-04-15T22:33:11 IST">
  <testcase classname="api.test.DDTests" name="testPostuser" time="5.672"/>
  <testcase classname="api.test.DDTests" name="testPostuser" time="1.369"/>
  <testcase classname="api.test.DDTests" name="testPostuser" time="1.411"/>
  <testcase classname="api.test.DDTests" name="testDeleteUserByName" time="1.35"/>
  <testcase classname="api.test.DDTests" name="testDeleteUserByName" time="1.338"/>
  <testcase classname="api.test.DDTests" name="testDeleteUserByName" time="1.365"/>
</testsuite> <!-- Default test -->
